[2014-04-13 01:41:48.018] [DEBUG] server - Express server listening on port 8000
[2014-04-13 01:42:07.074] [DEBUG] server - Express server listening on port 8000
[2014-04-13 01:46:24.333] [DEBUG] server - Express server listening on port 8000
[2014-04-13 01:46:35.115] [DEBUG] server - Express server listening on port 8000
[2014-04-13 01:46:43.391] [DEBUG] server - Express server listening on port 8000
[2014-04-13 01:47:17.014] [DEBUG] server - Express server listening on port 8000
[2014-04-13 01:47:34.900] [DEBUG] server - Express server listening on port 8000
[2014-04-13 01:48:18.944] [DEBUG] server - Express server listening on port 8000
[2014-04-13 01:48:24.051] [DEBUG] server - Express server listening on port 8000
[2014-04-13 01:49:51.709] [DEBUG] server - Express server listening on port 8000
[2014-04-13 01:51:07.234] [DEBUG] server - Express server listening on port 8000
[2014-04-13 01:52:36.293] [DEBUG] server - Express server listening on port 8000
[2014-04-13 01:53:24.636] [DEBUG] server - Express server listening on port 8000
[2014-04-13 01:57:14.461] [DEBUG] server - Express server listening on port 8000
[2014-04-13 02:13:22.812] [DEBUG] server - Express server listening on port 8000
[2014-04-13 02:13:37.388] [DEBUG] server - Express server listening on port 8000
[2014-04-13 02:14:05.229] [DEBUG] server - Express server listening on port 8000
[2014-04-13 02:15:06.166] [DEBUG] server - Express server listening on port 8000
[2014-04-13 02:20:17.722] [DEBUG] server - Express server listening on port 8000
[2014-04-13 02:20:33.200] [DEBUG] server - Express server listening on port 8000
[2014-04-13 02:21:12.040] [DEBUG] server - 127.0.0.1 - - "GET /users/create/false? HTTP/1.1" 200 83 "" "Mozilla/5.0 (Macintosh; Intel Mac OS X 10_8_5) AppleWebKit/537.36 (KHTML, like Gecko) Chrome/34.0.1847.116 Safari/537.36"
[2014-04-13 02:21:12.041] [ERROR] server - Please specify correct path
[2014-04-13 02:21:19.209] [DEBUG] server - 127.0.0.1 - - "GET /users/create/false HTTP/1.1" 200 83 "" "Mozilla/5.0 (Macintosh; Intel Mac OS X 10_8_5) AppleWebKit/537.36 (KHTML, like Gecko) Chrome/34.0.1847.116 Safari/537.36"
[2014-04-13 02:21:19.209] [ERROR] server - Please specify correct path
[2014-04-13 02:27:54.521] [ERROR] server - Error occured in processing. MongoError: E11000 duplicate key error index: apiserver.users.$empId_1  dup key: { : "3" }
[2014-04-13 02:29:44.274] [ERROR] server - Error occured in processing. MongoError: E11000 duplicate key error index: apiserver.users.$empId_1  dup key: { : "3" }
[2014-04-13 02:29:58.446] [DEBUG] server - Express server listening on port 8000
[2014-04-13 02:30:40.821] [DEBUG] server - Express server listening on port 8000
[2014-04-13 02:30:59.702] [DEBUG] server - Express server listening on port 8000
[2014-04-13 02:33:54.356] [DEBUG] server - Express server listening on port 8000
[2014-04-13 02:33:58.825] [DEBUG] server - Express server listening on port 8000
[2014-04-13 02:34:03.388] [DEBUG] server - Express server listening on port 8000
[2014-04-13 02:35:10.243] [DEBUG] server - Express server listening on port 8000
[2014-04-13 02:35:47.600] [DEBUG] server - Express server listening on port 8000
[2014-04-13 02:36:00.868] [DEBUG] server - Express server listening on port 8000
[2014-04-13 02:36:44.727] [DEBUG] server - Express server listening on port 8000
[2014-04-13 02:38:24.371] [DEBUG] server - Express server listening on port 8000
[2014-04-13 02:39:30.227] [DEBUG] server - Express server listening on port 8000
[2014-04-13 02:39:52.245] [DEBUG] server - Express server listening on port 8000
[2014-04-13 02:39:59.025] [DEBUG] server - Express server listening on port 8000
[2014-04-13 02:42:43.270] [DEBUG] server - Express server listening on port 8000
[2014-04-13 02:42:50.695] [DEBUG] server - 127.0.0.1 - - "POST /pictures/show/5349abf4ae54c36918b5bcf0 HTTP/1.1" 200 83 "" "Mozilla/5.0 (Macintosh; Intel Mac OS X 10_8_5) AppleWebKit/537.36 (KHTML, like Gecko) Chrome/34.0.1847.116 Safari/537.36"
[2014-04-13 02:42:50.695] [ERROR] server - Please specify correct path
[2014-04-13 02:43:54.576] [ERROR] server - Error occured in processing. ReferenceError: global_APPKEY is not defined
[2014-04-13 02:44:12.605] [DEBUG] server - Express server listening on port 8000
[2014-04-13 02:44:17.289] [DEBUG] server - Express server listening on port 8000
[2014-04-13 02:45:04.005] [DEBUG] server - Express server listening on port 8000
[2014-04-13 02:46:28.064] [DEBUG] server - Express server listening on port 8000
[2014-04-13 02:47:32.546] [DEBUG] server - 127.0.0.1 - - "POST /pictures/update/5349acac66932bee1af055bd?appKey=ac5028363f1a32eed640de5d23195b499cc3146d&user_id=5349a97e5d1d64e11280a8d0 HTTP/1.1" 200 83 "" "Mozilla/5.0 (Macintosh; Intel Mac OS X 10_8_5) AppleWebKit/537.36 (KHTML, like Gecko) Chrome/34.0.1847.116 Safari/537.36"
[2014-04-13 02:47:32.547] [ERROR] server - Please specify correct path
[2014-04-13 02:47:59.514] [DEBUG] server - Express server listening on port 8000
[2014-04-13 02:48:34.722] [DEBUG] server - Express server listening on port 8000
[2014-04-13 02:49:06.655] [DEBUG] server - Express server listening on port 8000
[2014-04-13 02:49:16.618] [DEBUG] server - Express server listening on port 8000
[2014-04-13 02:51:26.091] [DEBUG] server - Express server listening on port 8000
[2014-04-13 02:54:39.114] [DEBUG] server - Express server listening on port 8000
[2014-04-13 02:55:07.718] [DEBUG] server - Express server listening on port 8000
[2014-04-13 02:58:37.936] [DEBUG] server - Express server listening on port 8000
[2014-04-13 02:59:05.349] [DEBUG] server - Express server listening on port 8000
[2014-04-13 02:59:14.280] [DEBUG] server - Express server listening on port 8000
[2014-04-13 03:00:45.206] [DEBUG] server - Express server listening on port 8000
[2014-04-13 03:00:58.496] [DEBUG] server - Express server listening on port 8000
[2014-04-13 03:02:38.029] [DEBUG] server - Express server listening on port 8000
[2014-04-13 03:04:58.988] [DEBUG] server - Express server listening on port 8000
[2014-04-13 03:07:46.594] [DEBUG] server - Express server listening on port 8000
[2014-04-13 03:07:57.696] [DEBUG] server - Express server listening on port 8000
[2014-04-13 03:08:34.923] [DEBUG] server - Express server listening on port 8000
[2014-04-13 03:11:27.284] [DEBUG] server - Express server listening on port 8000
[2014-04-13 03:13:24.629] [DEBUG] server - Express server listening on port 8000
[2014-04-13 03:13:30.146] [DEBUG] server - Express server listening on port 8000
[2014-04-13 03:13:58.735] [DEBUG] server - Express server listening on port 8000
[2014-04-13 03:14:55.806] [DEBUG] server - 127.0.0.1 - - "PUT /address/create/5349acac66932bee1af055bd?appKey=ac5028363f1a32eed640de5d23195b499cc3146d&user_id=5349a97e5d1d64e11280a8d0 HTTP/1.1" 200 83 "" "Mozilla/5.0 (Macintosh; Intel Mac OS X 10_8_5) AppleWebKit/537.36 (KHTML, like Gecko) Chrome/34.0.1847.116 Safari/537.36"
[2014-04-13 03:14:55.807] [ERROR] server - Please specify correct path
[2014-04-13 03:15:00.772] [DEBUG] server - 127.0.0.1 - - "POST /address/create/5349acac66932bee1af055bd?appKey=ac5028363f1a32eed640de5d23195b499cc3146d&user_id=5349a97e5d1d64e11280a8d0 HTTP/1.1" 200 83 "" "Mozilla/5.0 (Macintosh; Intel Mac OS X 10_8_5) AppleWebKit/537.36 (KHTML, like Gecko) Chrome/34.0.1847.116 Safari/537.36"
[2014-04-13 03:15:00.772] [ERROR] server - Please specify correct path
[2014-04-13 03:15:30.361] [DEBUG] server - 127.0.0.1 - - "POST /users/showDetails/5349a97e5d1d64e11280a8d0?appKey=ac5028363f1a32eed640de5d23195b499cc3146d&user_id=5349a97e5d1d64e11280a8d0 HTTP/1.1" 200 83 "" "Mozilla/5.0 (Macintosh; Intel Mac OS X 10_8_5) AppleWebKit/537.36 (KHTML, like Gecko) Chrome/34.0.1847.116 Safari/537.36"
[2014-04-13 03:15:30.362] [ERROR] server - Please specify correct path
[2014-04-13 03:16:13.811] [DEBUG] server - Express server listening on port 8000
[2014-04-13 03:16:15.987] [DEBUG] server - 127.0.0.1 - - "POST /users/showDetails/5349a97e5d1d64e11280a8d0?appKey=ac5028363f1a32eed640de5d23195b499cc3146d&user_id=5349a97e5d1d64e11280a8d0 HTTP/1.1" 200 83 "" "Mozilla/5.0 (Macintosh; Intel Mac OS X 10_8_5) AppleWebKit/537.36 (KHTML, like Gecko) Chrome/34.0.1847.116 Safari/537.36"
[2014-04-13 03:16:15.988] [ERROR] server - Please specify correct path
[2014-04-13 03:18:17.345] [DEBUG] server - Express server listening on port 8000
[2014-04-13 03:18:45.963] [DEBUG] server - Express server listening on port 8000
[2014-04-13 03:19:37.520] [DEBUG] server - Express server listening on port 8000
[2014-04-13 03:19:48.590] [DEBUG] server - Express server listening on port 8000
[2014-04-13 03:20:07.340] [DEBUG] server - Express server listening on port 8000
[2014-04-13 03:21:43.628] [DEBUG] server - Express server listening on port 8000
[2014-04-13 03:24:01.416] [DEBUG] server - Express server listening on port 8000
[2014-04-13 03:25:24.089] [DEBUG] server - Express server listening on port 8000
[2014-04-13 03:25:48.334] [DEBUG] server - Express server listening on port 8000
[2014-04-13 03:26:54.090] [DEBUG] server - Express server listening on port 8000
[2014-04-13 03:30:36.192] [DEBUG] server - Express server listening on port 8000
[2014-04-13 03:30:50.433] [DEBUG] server - Express server listening on port 8000
[2014-04-13 03:39:35.896] [DEBUG] server - Express server listening on port 8000
[2014-04-13 03:41:55.871] [DEBUG] server - Express server listening on port 8000
[2014-04-13 03:42:27.803] [DEBUG] server - Express server listening on port 8000
[2014-04-13 03:42:46.815] [DEBUG] server - Express server listening on port 8000
[2014-04-13 03:43:31.901] [DEBUG] server - Express server listening on port 8000
[2014-04-13 03:43:39.784] [DEBUG] server - Express server listening on port 8000
[2014-04-13 03:44:30.288] [DEBUG] server - Express server listening on port 8000
[2014-04-13 03:45:07.715] [DEBUG] server - Express server listening on port 8000
[2014-04-13 03:46:18.308] [DEBUG] server - Express server listening on port 8000
[2014-04-13 03:46:31.613] [DEBUG] server - Express server listening on port 8000
[2014-04-13 03:47:15.528] [DEBUG] server - Express server listening on port 8000
[2014-04-13 03:47:34.394] [DEBUG] server - Express server listening on port 8000
[2014-04-13 03:48:29.258] [DEBUG] server - Express server listening on port 8000
[2014-04-13 03:48:36.061] [DEBUG] server - Express server listening on port 8000
[2014-04-13 03:49:18.971] [DEBUG] server - Express server listening on port 8000
[2014-04-13 03:49:37.897] [DEBUG] server - Express server listening on port 8000
[2014-04-13 03:50:18.532] [DEBUG] server - Express server listening on port 8000
[2014-04-13 03:50:40.706] [DEBUG] server - Express server listening on port 8000
[2014-04-13 03:50:55.244] [DEBUG] server - Express server listening on port 8000
[2014-04-13 03:51:44.570] [DEBUG] server - Express server listening on port 8000
[2014-04-13 03:51:49.227] [DEBUG] server - Express server listening on port 8000
[2014-04-13 03:53:12.241] [DEBUG] server - Express server listening on port 8000
[2014-04-13 03:54:57.122] [DEBUG] server - Express server listening on port 8000
[2014-04-13 03:55:21.340] [DEBUG] server - Express server listening on port 8000
[2014-04-13 03:56:51.349] [DEBUG] server - Express server listening on port 8000
[2014-04-13 03:57:08.847] [DEBUG] server - Express server listening on port 8000
[2014-04-13 03:57:47.239] [DEBUG] server - Express server listening on port 8000
[2014-04-13 03:57:55.036] [DEBUG] server - Express server listening on port 8000
[2014-04-13 03:58:11.537] [DEBUG] server - Express server listening on port 8000
[2014-04-13 04:02:46.834] [DEBUG] server - Express server listening on port 8000
[2014-04-13 04:05:58.976] [DEBUG] server - Express server listening on port 8000
